<?xml version="1.0" encoding="UTF-8"?>
<!-- Generated by org.testng.reporters.JUnitReportReporter -->
<testsuite hostname="DESKTOP-TH085TJ" failures="0" tests="1" name="DataDownloadFlows.Flow1" time="10.909" errors="0" timestamp="2023-08-07T13:43:08 IST" skipped="0">
  <testcase classname="DataDownloadFlows.Flow1" name="dataDown" time="10.909"/>
  <system-out/>
</testsuite> <!-- DataDownloadFlows.Flow1 -->
