<?xml version="1.0" encoding="UTF-8"?>
<!-- Generated by org.testng.reporters.JUnitReportReporter -->
<testsuite hostname="DESKTOP-TH085TJ" failures="0" tests="2" name="DataDoenloadFlows.Flow11" time="14.838" errors="0" timestamp="2023-08-07T11:36:17 IST" skipped="0">
  <testcase classname="DataDoenloadFlows.Flow11" name="login1" time="1.542"/>
  <system-out/>
  <testcase classname="DataDoenloadFlows.Flow11" name="dataDown" time="13.296"/>
  <system-out/>
</testsuite> <!-- DataDoenloadFlows.Flow11 -->
