<?xml version="1.0" encoding="UTF-8"?>
<!-- Generated by org.testng.reporters.JUnitReportReporter -->
<testsuite hostname="DESKTOP-TH085TJ" failures="0" tests="2" name="DataDoenloadFlows.Flow1" time="12.998" errors="0" timestamp="2023-08-07T11:30:28 IST" skipped="0">
  <testcase classname="DataDoenloadFlows.Flow1" name="login1" time="1.479"/>
  <system-out/>
  <testcase classname="DataDoenloadFlows.Flow1" name="dataDown" time="11.519"/>
  <system-out/>
</testsuite> <!-- DataDoenloadFlows.Flow1 -->
