<?xml version="1.0" encoding="UTF-8"?>
<!-- Generated by org.testng.reporters.JUnitReportReporter -->
<testsuite hostname="DESKTOP-TH085TJ" failures="0" tests="1" name="TestScenarios.TestMethodManagement" time="116.727" errors="0" timestamp="2023-08-08T18:23:23 IST" skipped="0">
  <testcase classname="TestScenarios.TestMethodManagement" name="dataDown" time="116.727"/>
  <system-out/>
</testsuite> <!-- TestScenarios.TestMethodManagement -->
